Log file open, 03/06/19 20:03:40
LogWindows: Failed to load 'aqProf.dll' (GetLastError=126)
LogWindows: File 'aqProf.dll' does not exist
LogWindows: Failed to load 'VSPerf140.dll' (GetLastError=126)
LogWindows: File 'VSPerf140.dll' does not exist
LogWindows: Failed to load 'VtuneApi.dll' (GetLastError=126)
LogWindows: File 'VtuneApi.dll' does not exist
LogWindows: Failed to load 'VtuneApi32e.dll' (GetLastError=126)
LogWindows: File 'VtuneApi32e.dll' does not exist
LogInit: Display: Running engine for game: EndlessRunnerCourse
LogPlatformFile: Not using cached read wrapper
LogTaskGraph: Started task graph with 5 named threads and 23 total threads with 3 sets of task threads.
LogStats: Stats thread started at 0.293074
LogD3D11RHI: Loaded GFSDK_Aftermath_Lib.x64.dll
LogICUInternationalization: Display: ICU TimeZone Detection - Raw Offset: +2:00, Platform Override: ''
LogPluginManager: Mounting plugin Paper2D
LogPluginManager: Mounting plugin AISupport
LogPluginManager: Mounting plugin LightPropagationVolume
LogPluginManager: Mounting plugin CLionSourceCodeAccess
LogPluginManager: Mounting plugin CodeLiteSourceCodeAccess
LogPluginManager: Mounting plugin GitSourceControl
LogPluginManager: Mounting plugin KDevelopSourceCodeAccess
LogPluginManager: Mounting plugin NullSourceCodeAccess
LogPluginManager: Mounting plugin PerforceSourceControl
LogPluginManager: Mounting plugin SubversionSourceControl
LogPluginManager: Mounting plugin UObjectPlugin
LogPluginManager: Mounting plugin VisualStudioCodeSourceCodeAccess
LogPluginManager: Mounting plugin VisualStudioSourceCodeAccess
LogPluginManager: Mounting plugin XCodeSourceCodeAccess
LogPluginManager: Mounting plugin AssetManagerEditor
LogPluginManager: Mounting plugin CryptoKeys
LogPluginManager: Mounting plugin DataValidation
LogPluginManager: Mounting plugin FacialAnimation
LogPluginManager: Mounting plugin GameplayTagsEditor
LogPluginManager: Mounting plugin MacGraphicsSwitching
LogPluginManager: Mounting plugin MeshEditor
LogPluginManager: Mounting plugin MobileLauncherProfileWizard
LogPluginManager: Mounting plugin PluginBrowser
LogPluginManager: Mounting plugin SpeedTreeImporter
LogPluginManager: Mounting plugin DatasmithContent
LogPluginManager: Mounting plugin AlembicImporter
LogPluginManager: Mounting plugin AppleImageUtils
LogPluginManager: Mounting plugin AppleVision
LogPluginManager: Mounting plugin BackChannel
LogPluginManager: Mounting plugin CharacterAI
LogPluginManager: Mounting plugin GeometryCache
LogPluginManager: Mounting plugin HTML5Networking
LogPluginManager: Mounting plugin ProxyLODPlugin
LogPluginManager: Mounting plugin MagicLeap
LogPluginManager: Mounting plugin MagicLeapEmulator
LogPluginManager: Mounting plugin MagicLeapMedia
LogPluginManager: Mounting plugin AndroidMedia
LogPluginManager: Mounting plugin AvfMedia
LogPluginManager: Mounting plugin ImgMedia
LogPluginManager: Mounting plugin LinearTimecode
LogPluginManager: Mounting plugin MediaCompositing
LogPluginManager: Mounting plugin MediaPlayerEditor
LogPluginManager: Mounting plugin WmfMedia
LogPluginManager: Mounting plugin TcpMessaging
LogPluginManager: Mounting plugin UdpMessaging
LogPluginManager: Mounting plugin ActorSequence
LogPluginManager: Mounting plugin LevelSequenceEditor
LogPluginManager: Mounting plugin MatineeToLevelSequence
LogPluginManager: Mounting plugin NetcodeUnitTest
LogPluginManager: Mounting plugin NUTUnrealEngine4
LogPluginManager: Mounting plugin OnlineSubsystemGooglePlay
LogPluginManager: Mounting plugin OnlineSubsystemIOS
LogPluginManager: Mounting plugin OnlineSubsystem
LogPluginManager: Mounting plugin OnlineSubsystemNull
LogPluginManager: Mounting plugin OnlineSubsystemUtils
LogPluginManager: Mounting plugin LauncherChunkInstaller
LogPluginManager: Mounting plugin AndroidDeviceProfileSelector
LogPluginManager: Mounting plugin AndroidMoviePlayer
LogPluginManager: Mounting plugin AndroidPermission
LogPluginManager: Mounting plugin AppleMoviePlayer
LogPluginManager: Mounting plugin ArchVisCharacter
LogPluginManager: Mounting plugin AudioCapture
LogPluginManager: Mounting plugin CableComponent
LogPluginManager: Mounting plugin CustomMeshComponent
LogPluginManager: Mounting plugin EditableMesh
LogPluginManager: Mounting plugin ExampleDeviceProfileSelector
LogPluginManager: Mounting plugin GoogleCloudMessaging
LogPluginManager: Mounting plugin ImmediatePhysics
LogPluginManager: Mounting plugin IOSDeviceProfileSelector
LogPluginManager: Mounting plugin LinuxDeviceProfileSelector
LogPluginManager: Mounting plugin LocationServicesBPLibrary
LogPluginManager: Mounting plugin MobilePatchingUtils
LogPluginManager: Mounting plugin OculusVR
LogPluginManager: Plugin shader directory ../../../Engine/Plugins/Runtime/Oculus/OculusVR/Shaders found
LogPluginManager: Mapping shader source directory ../../../Engine/Plugins/Runtime/Oculus/OculusVR/Shaders to virtual directory /Plugin/OculusVR
LogPluginManager: Mounting plugin PhysXVehicles
LogPluginManager: Mounting plugin ProceduralMeshComponent
LogPluginManager: Mounting plugin RuntimePhysXCooking
LogPluginManager: Mounting plugin SteamVR
LogPluginManager: Mounting plugin WindowsMoviePlayer
LogStreaming: Display: Took  0.069s to configure plugins.
LogInit: Using libcurl 7.55.1-DEV
LogInit:  - built for x86_64-pc-win32
LogInit:  - supports SSL with OpenSSL/1.0.2h
LogInit:  - supports HTTP deflate (compression) using libz 1.2.8
LogInit:  - other features:
LogInit:      CURL_VERSION_SSL
LogInit:      CURL_VERSION_LIBZ
LogInit:      CURL_VERSION_IPV6
LogInit:      CURL_VERSION_ASYNCHDNS
LogInit:      CURL_VERSION_LARGEFILE
LogInit:      CURL_VERSION_IDN
LogInit:  CurlRequestOptions (configurable via config and command line):
LogInit:  - bVerifyPeer = false  - Libcurl will NOT verify peer certificate
LogInit:  - bUseHttpProxy = false  - Libcurl will NOT use HTTP proxy
LogInit:  - bDontReuseConnections = false  - Libcurl will reuse connections
LogInit:  - CertBundlePath = nullptr  - Libcurl will use whatever was configured at build time.
LogInit:  - MaxHostConnections = 16  - Libcurl will limit the number of connections to a host
LogInit:  - LocalHostAddr = Default
LogInit:  - BufferSize = 65536
LogInit: WinSock: version 1.1 (2.2), MaxSocks=32767, MaxUdp=65467
LogInit: Build: ++UE4+Release-4.20-CL-4302132
LogInit: Engine Version: 4.20.2-4302132+++UE4+Release-4.20
LogInit: Compatible Engine Version: 4.20.0-4212847+++UE4+Release-4.20
LogInit: Net CL: 4212847
LogInit: OS: Windows 10 (), CPU:         Intel(R) Core(TM) i7-3770 CPU @ 3.40GHz, GPU: Radeon (TM) RX 480 Graphics
LogInit: Compiled (64-bit): Aug 21 2018 02:06:06
LogInit: Compiled with Visual C++: 19.13.26129.00
LogInit: Build Configuration: Development
LogInit: Branch Name: ++UE4+Release-4.20
LogInit: Command Line:  /Game/ThirdPersonBP/Maps/MainMenu -game -PIEVIACONSOLE -ResX=1280 -ResY=720  -Multiprocess -messaging -SessionName="Play in Standalone Game" -windowed 
LogInit: Base Directory: D:/Program Files/Epic Games/UE_4.20/Engine/Binaries/Win64/
LogInit: Installed Engine Build: 1
LogDevObjectVersion: Number of dev versions registered: 20
LogDevObjectVersion:   Dev-Blueprints (B0D832E4-1F89-4F0D-ACCF-7EB736FD4AA2): 10
LogDevObjectVersion:   Dev-Build (E1C64328-A22C-4D53-A36C-8E866417BD8C): 0
LogDevObjectVersion:   Dev-Core (375EC13C-06E4-48FB-B500-84F0262A717E): 2
LogDevObjectVersion:   Dev-Editor (E4B068ED-F494-42E9-A231-DA0B2E46BB41): 24
LogDevObjectVersion:   Dev-Framework (CFFC743F-43B0-4480-9391-14DF171D2073): 34
LogDevObjectVersion:   Dev-Mobile (B02B49B5-BB20-44E9-A304-32B752E40360): 2
LogDevObjectVersion:   Dev-Networking (A4E4105C-59A1-49B5-A7C5-40C4547EDFEE): 0
LogDevObjectVersion:   Dev-Online (39C831C9-5AE6-47DC-9A44-9C173E1C8E7C): 0
LogDevObjectVersion:   Dev-Physics (78F01B33-EBEA-4F98-B9B4-84EACCB95AA2): 0
LogDevObjectVersion:   Dev-Platform (6631380F-2D4D-43E0-8009-CF276956A95A): 0
LogDevObjectVersion:   Dev-Rendering (12F88B9F-8875-4AFC-A67C-D90C383ABD29): 26
LogDevObjectVersion:   Dev-Sequencer (7B5AE74C-D270-4C10-A958-57980B212A5A): 9
LogDevObjectVersion:   Dev-VR (D7296918-1DD6-4BDD-9DE2-64A83CC13884): 2
LogDevObjectVersion:   Dev-LoadTimes (C2A15278-BFE7-4AFE-6C17-90FF531DF755): 1
LogDevObjectVersion:   Private-Geometry (6EACA3D4-40EC-4CC1-B786-8BED09428FC5): 3
LogDevObjectVersion:   Dev-AnimPhys (29E575DD-E0A3-4627-9D10-D276232CDCEA): 17
LogDevObjectVersion:   Dev-ReflectionCapture (6B266CEC-1EC7-4B8F-A30B-E4D90942FC07): 1
LogDevObjectVersion:   Dev-Automation (0DF73D61-A23F-47EA-B727-89E90C41499A): 1
LogDevObjectVersion:   FortniteMain (601D1886-AC64-4F84-AA16-D3DE0DEAC7D6): 12
LogDevObjectVersion:   Dev-Enterprise (9DFFBCD6-494F-0158-E221-12823C92A888): 1
LogStreaming: Display: Took  0.000s to delete old logs.
LogInit: Presizing for max 8388607 objects, including 0 objects not considered by GC, pre-allocating 0 bytes for permanent pool.
LogInit: Object subsystem initialized
[2019.03.06-18.03.40:272][  0]LogInit: Selected Device Profile: [Windows]
[2019.03.06-18.03.40:273][  0]LogInit: Applying CVar settings loaded from the selected device profile: [Windows]
[2019.03.06-18.03.40:276][  0]LogHAL: Display: Platform has ~ 16 GB [17117880320 / 17179869184 / 16], which maps to Larger [LargestMinGB=32, LargerMinGB=12, DefaultMinGB=8, SmallerMinGB=6, SmallestMinGB=0)
[2019.03.06-18.03.40:276][  0]LogInit: Setting Device Profile CVar: [[r.Vulkan.UseRealUBs:1]]
[2019.03.06-18.03.40:276][  0]LogInit: Going up to parent DeviceProfile []
[2019.03.06-18.03.40:277][  0]LogInit: Computer: DESKTOP-RA3I6OK
[2019.03.06-18.03.40:277][  0]LogInit: User: Cairo
[2019.03.06-18.03.40:277][  0]LogInit: CPU Page size=4096, Cores=4
[2019.03.06-18.03.40:277][  0]LogInit: High frequency timer resolution =14.318180 MHz
[2019.03.06-18.03.40:277][  0]LogMemory: Memory total: Physical=15.9GB (16GB approx)
[2019.03.06-18.03.40:277][  0]LogMemory: Platform Memory Stats for Windows
[2019.03.06-18.03.40:277][  0]LogMemory: Process Physical Memory: 101.34 MB used, 101.34 MB peak
[2019.03.06-18.03.40:277][  0]LogMemory: Process Virtual Memory: 89.57 MB used, 89.57 MB peak
[2019.03.06-18.03.40:277][  0]LogMemory: Physical Memory: 4337.51 MB used,  11987.38 MB free, 16324.88 MB total
[2019.03.06-18.03.40:277][  0]LogMemory: Virtual Memory: 4641.10 MB used,  11987.38 MB free, 134217728.00 MB total
[2019.03.06-18.03.40:332][  0]LogInit: Using OS detected language (en-US).
[2019.03.06-18.03.40:332][  0]LogInit: Using OS detected locale (en-ZA).
[2019.03.06-18.03.40:332][  0]LogTextLocalizationManager: No specific localization for 'en-US' exists, so the 'en' localization will be used.
[2019.03.06-18.03.40:708][  0]LogStreaming: Display: Took  0.377s to InitEngineTextLocalization.
[2019.03.06-18.03.40:742][  0]LogSlate: New Slate User Created.  User Index 0, Is Virtual User: 0
[2019.03.06-18.03.40:742][  0]LogSlate: Slate User Registered.  User Index 0, Is Virtual User: 0
[2019.03.06-18.03.40:749][  0]LogHMD: Failed to initialize OpenVR with code 110
[2019.03.06-18.03.40:749][  0]LogD3D11RHI: D3D11 adapters:
[2019.03.06-18.03.40:775][  0]LogD3D11RHI:    0. 'Radeon (TM) RX 480 Graphics' (Feature Level 11_0)
[2019.03.06-18.03.40:775][  0]LogD3D11RHI:       8172/0/8162 MB DedicatedVideo/DedicatedSystem/SharedSystem, Outputs:1, VendorId:0x1002
[2019.03.06-18.03.40:778][  0]LogD3D11RHI:    1. 'Microsoft Basic Render Driver' (Feature Level 11_0)
[2019.03.06-18.03.40:778][  0]LogD3D11RHI:       0/0/8162 MB DedicatedVideo/DedicatedSystem/SharedSystem, Outputs:0, VendorId:0x1414
[2019.03.06-18.03.40:778][  0]LogD3D11RHI: Chosen D3D11 Adapter: 0
[2019.03.06-18.03.40:787][  0]LogD3D11RHI: Creating new Direct3DDevice
[2019.03.06-18.03.40:787][  0]LogD3D11RHI:     GPU DeviceId: 0x67df (for the marketing name, search the web for "GPU Device Id")
[2019.03.06-18.03.40:787][  0]LogWindows: EnumDisplayDevices:
[2019.03.06-18.03.40:787][  0]LogWindows:    0. 'Radeon (TM) RX 480 Graphics' (P:1 D:1)
[2019.03.06-18.03.40:788][  0]LogWindows:    1. 'Radeon (TM) RX 480 Graphics' (P:0 D:0)
[2019.03.06-18.03.40:788][  0]LogWindows:    2. 'Radeon (TM) RX 480 Graphics' (P:0 D:0)
[2019.03.06-18.03.40:789][  0]LogWindows:    3. 'Radeon (TM) RX 480 Graphics' (P:0 D:0)
[2019.03.06-18.03.40:789][  0]LogWindows:    4. 'Radeon (TM) RX 480 Graphics' (P:0 D:0)
[2019.03.06-18.03.40:790][  0]LogWindows:    5. 'Radeon (TM) RX 480 Graphics' (P:0 D:0)
[2019.03.06-18.03.40:790][  0]LogWindows:    6. 'Radeon (TM) RX 480 Graphics' (P:0 D:0)
[2019.03.06-18.03.40:791][  0]LogWindows:    7. 'Radeon (TM) RX 480 Graphics' (P:0 D:0)
[2019.03.06-18.03.40:791][  0]LogWindows: DebugString: FoundDriverCount:8 
[2019.03.06-18.03.40:791][  0]LogD3D11RHI:     Adapter Name: Radeon (TM) RX 480 Graphics
[2019.03.06-18.03.40:791][  0]LogD3D11RHI:   Driver Version: Adrenalin 2019 19.2.2 (internal:25.20.15021.1007, unified:25.20.15021.1007)
[2019.03.06-18.03.40:791][  0]LogD3D11RHI:      Driver Date: 2-12-2019
[2019.03.06-18.03.40:791][  0]LogRHI: Texture pool is 5720 MB (70% of 8172 MB)
[2019.03.06-18.03.40:855][  0]LogD3D11RHI: Async texture creation enabled
[2019.03.06-18.03.40:868][  0]LogD3D11RHI: GPU Timing Frequency: 25.000000 (Debug: 2 1)
[2019.03.06-18.03.40:870][  0]LogShaderCompilers: Guid format shader working directory is -25 characters bigger than the processId version (E:/WORK/COURSES/MOBILE ENDLESS RUNNER/PROJECT FILES/EndlessRunenrCourse/Intermediate/Shaders/WorkingDirectory/11108/).
[2019.03.06-18.03.40:870][  0]LogShaderCompilers: Cleaned the shader compiler working directory 'C:/Users/Andrew/AppData/Local/Temp/UnrealShaderWorkingDir/5EA0FC1444CAA61B361A2CAACC78E68F/'.
[2019.03.06-18.03.41:165][  0]LogTemp: Display: Loaded TP WindowsClientTargetPlatform
[2019.03.06-18.03.41:179][  0]LogTemp: Display: Loaded TP WindowsNoEditorTargetPlatform
[2019.03.06-18.03.41:193][  0]LogTemp: Display: Loaded TP WindowsServerTargetPlatform
[2019.03.06-18.03.41:200][  0]LogTemp: Display: Loaded TP WindowsTargetPlatform
[2019.03.06-18.03.41:200][  0]LogTargetPlatformManager: Display: Building Assets For Windows
[2019.03.06-18.03.41:269][  0]LogXGEController: Cannot use XGE Controller as Incredibuild is not installed on this machine.
[2019.03.06-18.03.41:269][  0]LogShaderCompilers: Cannot use XGE Shader Compiler as Incredibuild is not installed on this machine.
[2019.03.06-18.03.41:269][  0]LogShaderCompilers: Display: Using Local Shader Compiler.
[2019.03.06-18.03.42:206][  0]LogDerivedDataCache: Display: Max Cache Size: 512 MB
[2019.03.06-18.03.42:268][  0]LogDerivedDataCache: Loaded boot cache 0.06s 71MB C:/Users/Andrew/AppData/Local/UnrealEngine/4.20/DerivedDataCache/Boot.ddc.
[2019.03.06-18.03.42:268][  0]LogDerivedDataCache: Display: Loaded Boot cache: C:/Users/Andrew/AppData/Local/UnrealEngine/4.20/DerivedDataCache/Boot.ddc
[2019.03.06-18.03.42:268][  0]LogDerivedDataCache: FDerivedDataBackendGraph:  Pak pak cache file E:/WORK/COURSES/MOBILE ENDLESS RUNNER/PROJECT FILES/EndlessRunenrCourse/DerivedDataCache/DDC.ddp not found, will not use a pak cache.
[2019.03.06-18.03.42:268][  0]LogDerivedDataCache: Unable to find inner node Pak for hierarchical cache Hierarchy.
[2019.03.06-18.03.42:269][  0]LogDerivedDataCache: FDerivedDataBackendGraph:  CompressedPak pak cache file E:/WORK/COURSES/MOBILE ENDLESS RUNNER/PROJECT FILES/EndlessRunenrCourse/DerivedDataCache/Compressed.ddp not found, will not use a pak cache.
[2019.03.06-18.03.42:269][  0]LogDerivedDataCache: Unable to find inner node CompressedPak for hierarchical cache Hierarchy.
[2019.03.06-18.03.42:283][  0]LogDerivedDataCache: Display: Pak cache opened for reading ../../../Engine/DerivedDataCache/Compressed.ddp.
[2019.03.06-18.03.42:295][  0]LogDerivedDataCache: Using Local data cache path C:/Users/Andrew/AppData/Local/UnrealEngine/Common/DerivedDataCache: Writable
[2019.03.06-18.03.42:295][  0]LogDerivedDataCache: Shared data cache path not found in *engine.ini, will not use an Shared cache.
[2019.03.06-18.03.42:295][  0]LogDerivedDataCache: Unable to find inner node Shared for hierarchical cache Hierarchy.
[2019.03.06-18.03.42:314][  0]LogMaterial: Verifying Global Shaders for PCD3D_SM5
[2019.03.06-18.03.42:315][  0]LogSlate: Using FreeType 2.6.0
[2019.03.06-18.03.42:316][  0]LogSlate: SlateFontServices - WITH_FREETYPE: 1, WITH_HARFBUZZ: 1
[2019.03.06-18.03.42:352][  0]LogInit: Using OS detected language (en-US).
[2019.03.06-18.03.42:353][  0]LogInit: Using OS detected locale (en-ZA).
[2019.03.06-18.03.42:353][  0]LogTextLocalizationManager: No localization for 'en-US' exists, so 'en' will be used for the language.
[2019.03.06-18.03.42:353][  0]LogTextLocalizationManager: No localization for 'en-ZA' exists, so 'en' will be used for the locale.
[2019.03.06-18.03.42:626][  0]LogStreaming: Display: Took  0.273s to InitGameTextLocalization.
[2019.03.06-18.03.42:634][  0]LogAssetRegistry: FAssetRegistry took 0.0042 seconds to start up
[2019.03.06-18.03.42:873][  0]LogPackageLocalizationCache: Processed 11 localized package path(s) for 1 prioritized culture(s) in 0.012227 seconds
[2019.03.06-18.03.42:984][  0]LogInit: Selected Device Profile: [Windows]
[2019.03.06-18.03.43:119][  0]LogSimplygon: Simplygon DLL not present - disabling.
[2019.03.06-18.03.43:123][  0]LogMeshReduction: Using SimplygonSwarm for distributed automatic mesh merging
[2019.03.06-18.03.43:123][  0]LogMeshReduction: Using ProxyLODMeshReduction for automatic mesh merging
[2019.03.06-18.03.43:123][  0]LogMeshReduction: Using QuadricMeshReduction for automatic static mesh reduction
[2019.03.06-18.03.43:123][  0]LogMeshReduction: No automatic skeletal mesh reduction module available
[2019.03.06-18.03.43:139][  0]LogNetVersion: EndlessRunnerCourse 1.0.0, NetCL: 4212847, EngineNetVer: 5, GameNetVer: 0 (Checksum: 358739837)
[2019.03.06-18.03.43:686][  0]LogMoviePlayer: Initializing movie player
[2019.03.06-18.03.43:876][  0]LogTcpMessaging: Initializing TcpMessaging bridge
[2019.03.06-18.03.43:888][  0]LogUdpMessaging: Initializing bridge on interface 0.0.0.0:0 to multicast group 230.0.0.1:6666.
[2019.03.06-18.03.43:977][  0]SourceControl: Source control is disabled
[2019.03.06-18.03.43:977][  0]SourceControl: Source control is disabled
[2019.03.06-18.03.43:978][  0]SourceControl: Source control is disabled
[2019.03.06-18.03.44:106][  0]LogAndroidPermission: UAndroidPermissionCallbackProxy::GetInstance
[2019.03.06-18.03.44:194][  0]LogOcInput: OculusInput pre-init called
[2019.03.06-18.03.44:202][  0]LogUObjectArray: 42168 objects as part of root set at end of initial load.
[2019.03.06-18.03.44:202][  0]LogUObjectAllocator: 7432352 out of 0 bytes used by permanent object pool.
[2019.03.06-18.03.44:202][  0]LogUObjectArray: CloseDisregardForGC: 0/0 objects in disregard for GC pool
[2019.03.06-18.03.44:258][  0]LogEngine: Initializing Engine...
[2019.03.06-18.03.44:259][  0]LogHMD: Failed to initialize OpenVR with code 110
[2019.03.06-18.03.44:271][  0]LogStats: UGameplayTagsManager::ConstructGameplayTagTree: ImportINI prefixes -  0.000 s
[2019.03.06-18.03.44:271][  0]LogStats: UGameplayTagsManager::ConstructGameplayTagTree: Construct from data asset -  0.000 s
[2019.03.06-18.03.44:271][  0]LogStats: UGameplayTagsManager::ConstructGameplayTagTree: ImportINI -  0.000 s
[2019.03.06-18.03.44:271][  0]LogStats: UGameplayTagsManager::ConstructGameplayTagTree: GameplayTagTreeChangedEvent.Broadcast -  0.000 s
[2019.03.06-18.03.44:440][  0]LogInit: Initializing FReadOnlyCVARCache
[2019.03.06-18.03.44:467][  0]LogInit: XAudio2 using 'Digital Audio (S/PDIF) (High Definition Audio Device)' : 2 channels at 44.1 kHz using 16 bits per sample (channel mask 0x3)
[2019.03.06-18.03.44:490][  0]LogInit: FAudioDevice initialized.
[2019.03.06-18.03.44:502][  0]LogNetVersion: Set ProjectVersion to 1.0.0.0. Version Checksum will be recalculated on next use.
[2019.03.06-18.03.44:511][  0]LogInit: Texture streaming: Enabled
[2019.03.06-18.03.44:654][  0]LogSlate: Updating window title bar state: overlay mode, drag disabled, window buttons hidden, title bar hidden
[2019.03.06-18.03.44:655][  0]LogInit: Display: Game Engine Initialized.
[2019.03.06-18.03.44:655][  0]LogGameplayTags: Display: UGameplayTagsManager::DoneAddingNativeTags. DelegateIsBound: 0
[2019.03.06-18.03.44:655][  0]LogStats: UGameplayTagsManager::ConstructGameplayTagTree: ImportINI prefixes -  0.000 s
[2019.03.06-18.03.44:655][  0]LogStats: UGameplayTagsManager::ConstructGameplayTagTree: Construct from data asset -  0.000 s
[2019.03.06-18.03.44:655][  0]LogStats: UGameplayTagsManager::ConstructGameplayTagTree: ImportINI -  0.000 s
[2019.03.06-18.03.44:655][  0]LogStats: UGameplayTagsManager::ConstructGameplayTagTree: GameplayTagTreeChangedEvent.Broadcast -  0.000 s
[2019.03.06-18.03.44:669][  0]LogInit: Display: Starting Game.
[2019.03.06-18.03.44:669][  0]LogNet: Browse: /Game/ThirdPersonBP/Maps/MainMenu?Name=Player
[2019.03.06-18.03.44:669][  0]LogLoad: LoadMap: /Game/ThirdPersonBP/Maps/MainMenu?Name=Player
[2019.03.06-18.03.44:730][  0]LogAIModule: Creating AISystem for world MainMenu
[2019.03.06-18.03.44:731][  0]LogLoad: Game class is 'NewGameMode_C'
[2019.03.06-18.03.44:732][  0]LogWorld: Bringing World /Game/ThirdPersonBP/Maps/MainMenu.MainMenu up for play (max tick rate 0) at 2019.03.06-20.03.44
[2019.03.06-18.03.44:732][  0]LogWorld: Bringing up level for play took: 0.000556
[2019.03.06-18.03.44:733][  0]LogGameMode: FindPlayerStart: PATHS NOT DEFINED or NO PLAYERSTART with positive rating
[2019.03.06-18.03.44:733][  0]LogSpawn: Warning: SpawnActor failed because no class was specified
[2019.03.06-18.03.44:737][  0]LogLoad: Took 0.067692 seconds to LoadMap(/Game/ThirdPersonBP/Maps/MainMenu)
[2019.03.06-18.03.44:807][  0]LogRenderer: Reallocating scene render targets to support 1280x720 Format 10 NumSamples 1 (Frame:1).
[2019.03.06-18.03.44:807][  0]LogLoad: (Engine Initialization) Total time: 6.43 seconds
[2019.03.06-18.03.44:807][  0]LogLoad: (Engine Initialization) Total Blueprint compile time: 0.00 seconds
[2019.03.06-18.03.44:828][  0]LogContentStreaming: Texture pool size now 1000 MB
[2019.03.06-18.03.55:643][668]LogSlate: Window 'EndlessRunnerCourse (64-bit Development PCD3D_SM5) ' being destroyed
[2019.03.06-18.03.55:644][668]LogWindowsTextInputMethodSystem: Display: IME system now deactivated.
[2019.03.06-18.03.55:649][668]LogSlate: Updating window title bar state: overlay mode, drag disabled, window buttons hidden, title bar hidden
[2019.03.06-18.03.55:649][668]LogEngine: All Windows Closed
[2019.03.06-18.03.55:649][668]LogWindows: FPlatformMisc::RequestExit(0)
[2019.03.06-18.03.56:271][669]LogExit: Preparing to exit.
[2019.03.06-18.03.56:271][669]LogMoviePlayer: Shutting down movie player
[2019.03.06-18.03.56:912][669]LogSlate: Updating window title bar state: overlay mode, drag disabled, window buttons hidden, title bar hidden
[2019.03.06-18.03.56:921][669]LogExit: Game engine shut down
[2019.03.06-18.03.57:088][669]LogExit: Object subsystem successfully closed.
[2019.03.06-18.03.57:099][669]LogShaderCompilers: Display: Shaders left to compile 0
[2019.03.06-18.03.57:101][669]LogD3D11RHI: Shutdown
[2019.03.06-18.03.57:101][669]LogD3D11RHI: CleanupD3DDevice
[2019.03.06-18.03.57:102][669]LogD3D11RHI: ~FD3D11DynamicRHI
[2019.03.06-18.03.57:117][669]LogModuleManager: Shutting down and abandoning module SequenceRecorderSections (376)
[2019.03.06-18.03.57:117][669]LogModuleManager: Shutting down and abandoning module SequenceRecorder (374)
[2019.03.06-18.03.57:117][669]LogModuleManager: Shutting down and abandoning module AutomationController (372)
[2019.03.06-18.03.57:117][669]LogModuleManager: Shutting down and abandoning module AutomationWorker (370)
[2019.03.06-18.03.57:117][669]LogModuleManager: Shutting down and abandoning module Voice (368)
[2019.03.06-18.03.57:117][669]LogModuleManager: Shutting down and abandoning module AIModule (366)
[2019.03.06-18.03.57:117][669]LogModuleManager: Shutting down and abandoning module GameplayDebugger (365)
[2019.03.06-18.03.57:117][669]LogModuleManager: Shutting down and abandoning module AITestSuite (363)
[2019.03.06-18.03.57:117][669]LogModuleManager: Shutting down and abandoning module NavigationSystem (361)
[2019.03.06-18.03.57:117][669]LogModuleManager: Shutting down and abandoning module WmfMediaFactory (358)
[2019.03.06-18.03.57:117][669]LogModuleManager: Shutting down and abandoning module OpenExrWrapper (356)
[2019.03.06-18.03.57:117][669]LogModuleManager: Shutting down and abandoning module ImgMediaFactory (354)
[2019.03.06-18.03.57:117][669]LogModuleManager: Shutting down and abandoning module AvfMediaFactory (352)
[2019.03.06-18.03.57:117][669]LogModuleManager: Shutting down and abandoning module MagicLeapCameraPreviewFactory (350)
[2019.03.06-18.03.57:117][669]LogModuleManager: Shutting down and abandoning module MagicLeapMediaFactory (348)
[2019.03.06-18.03.57:117][669]LogModuleManager: Shutting down and abandoning module CharacterAI (346)
[2019.03.06-18.03.57:117][669]LogModuleManager: Shutting down and abandoning module SessionServices (344)
[2019.03.06-18.03.57:117][669]LogModuleManager: Shutting down and abandoning module MovieSceneCapture (342)
[2019.03.06-18.03.57:118][669]LogModuleManager: Shutting down and abandoning module MovieSceneTracks (340)
[2019.03.06-18.03.57:118][669]LogModuleManager: Shutting down and abandoning module MovieScene (338)
[2019.03.06-18.03.57:118][669]LogModuleManager: Shutting down and abandoning module StreamingPauseRendering (336)
[2019.03.06-18.03.57:118][669]LogModuleManager: Shutting down and abandoning module PortalServices (334)
[2019.03.06-18.03.57:118][669]LogModuleManager: Shutting down and abandoning module PortalRpc (332)
[2019.03.06-18.03.57:118][669]LogModuleManager: Shutting down and abandoning module MessagingRpc (330)
[2019.03.06-18.03.57:118][669]LogModuleManager: Shutting down and abandoning module ProfilerService (328)
[2019.03.06-18.03.57:249][669]LogModuleManager: Shutting down and abandoning module TaskGraph (326)
[2019.03.06-18.03.57:249][669]LogModuleManager: Shutting down and abandoning module SteamVRController (324)
[2019.03.06-18.03.57:249][669]LogModuleManager: Shutting down and abandoning module ProceduralMeshComponent (322)
[2019.03.06-18.03.57:249][669]LogModuleManager: Shutting down and abandoning module OculusInput (320)
[2019.03.06-18.03.57:249][669]LogModuleManager: Shutting down and abandoning module MobilePatchingUtils (318)
[2019.03.06-18.03.57:249][669]LogModuleManager: Shutting down and abandoning module EditableMesh (316)
[2019.03.06-18.03.57:249][669]LogModuleManager: Shutting down and abandoning module CustomMeshComponent (314)
[2019.03.06-18.03.57:249][669]LogModuleManager: Shutting down and abandoning module CableComponent (312)
[2019.03.06-18.03.57:249][669]LogModuleManager: Shutting down and abandoning module AudioCapture (310)
[2019.03.06-18.03.57:249][669]LogModuleManager: Shutting down and abandoning module ArchVisCharacter (308)
[2019.03.06-18.03.57:249][669]LogModuleManager: Shutting down and abandoning module AndroidPermission (306)
[2019.03.06-18.03.57:249][669]LogModuleManager: Shutting down and abandoning module NUTUnrealEngine4 (304)
[2019.03.06-18.03.57:249][669]LogModuleManager: Shutting down and abandoning module NetcodeUnitTest (302)
[2019.03.06-18.03.57:249][669]LogModuleManager: Shutting down and abandoning module MediaCompositing (300)
[2019.03.06-18.03.57:249][669]LogModuleManager: Shutting down and abandoning module LinearTimecode (298)
[2019.03.06-18.03.57:249][669]LogModuleManager: Shutting down and abandoning module ImgMedia (296)
[2019.03.06-18.03.57:253][669]LogModuleManager: Shutting down and abandoning module HTML5Networking (294)
[2019.03.06-18.03.57:253][669]LogModuleManager: Shutting down and abandoning module GeometryCacheTracks (292)
[2019.03.06-18.03.57:253][669]LogModuleManager: Shutting down and abandoning module GeometryCacheSequencer (291)
[2019.03.06-18.03.57:253][669]LogModuleManager: Shutting down and abandoning module GeometryCache (288)
[2019.03.06-18.03.57:253][669]LogModuleManager: Shutting down and abandoning module GeometryCacheEd (287)
[2019.03.06-18.03.57:253][669]LogModuleManager: Shutting down and abandoning module BackChannel (284)
[2019.03.06-18.03.57:253][669]LogModuleManager: Shutting down and abandoning module AppleVision (282)
[2019.03.06-18.03.57:253][669]LogModuleManager: Shutting down and abandoning module AppleImageUtils (280)
[2019.03.06-18.03.57:253][669]LogModuleManager: Shutting down and abandoning module DatasmithContent (278)
[2019.03.06-18.03.57:255][669]LogModuleManager: Shutting down and abandoning module CryptoKeysOpenSSL (276)
[2019.03.06-18.03.57:255][669]LogModuleManager: Shutting down and abandoning module CryptoKeys (274)
[2019.03.06-18.03.57:255][669]LogModuleManager: Shutting down and abandoning module VisualStudioSourceCodeAccess (272)
[2019.03.06-18.03.57:255][669]LogModuleManager: Shutting down and abandoning module HotReload (271)
[2019.03.06-18.03.57:255][669]LogModuleManager: Shutting down and abandoning module DirectoryWatcher (270)
[2019.03.06-18.03.57:255][669]LogModuleManager: Shutting down and abandoning module VisualStudioCodeSourceCodeAccess (266)
[2019.03.06-18.03.57:255][669]LogModuleManager: Shutting down and abandoning module UObjectPlugin (264)
[2019.03.06-18.03.57:255][669]LogModuleManager: Shutting down and abandoning module SubversionSourceControl (262)
[2019.03.06-18.03.57:255][669]LogModuleManager: Shutting down and abandoning module PerforceSourceControl (260)
[2019.03.06-18.03.57:255][669]LogModuleManager: Shutting down and abandoning module SourceControl (259)
[2019.03.06-18.03.57:255][669]LogModuleManager: Shutting down and abandoning module CLionSourceCodeAccess (256)
[2019.03.06-18.03.57:255][669]LogModuleManager: Shutting down and abandoning module RuntimePhysXCooking (254)
[2019.03.06-18.03.57:255][669]LogModuleManager: Shutting down and abandoning module PhysXVehiclesEditor (252)
[2019.03.06-18.03.57:255][669]LogModuleManager: Shutting down and abandoning module PhysXVehicles (250)
[2019.03.06-18.03.57:255][669]LogModuleManager: Shutting down and abandoning module LocationServicesBPLibrary (248)
[2019.03.06-18.03.57:255][669]LogModuleManager: Shutting down and abandoning module ImmediatePhysicsEditor (246)
[2019.03.06-18.03.57:255][669]LogModuleManager: Shutting down and abandoning module ImmediatePhysics (244)
[2019.03.06-18.03.57:255][669]LogModuleManager: Shutting down and abandoning module ActorSequence (242)
[2019.03.06-18.03.57:255][669]LogModuleManager: Shutting down and abandoning module UdpMessaging (240)
[2019.03.06-18.03.57:357][669]LogModuleManager: Shutting down and abandoning module TcpMessaging (238)
[2019.03.06-18.03.57:888][669]LogModuleManager: Shutting down and abandoning module MagicLeapAudio (236)
[2019.03.06-18.03.57:888][669]LogModuleManager: Shutting down and abandoning module GameplayTagsEditor (234)
[2019.03.06-18.03.57:888][669]LogModuleManager: Shutting down and abandoning module FacialAnimation (232)
[2019.03.06-18.03.57:888][669]LogModuleManager: Shutting down and abandoning module DataValidation (230)
[2019.03.06-18.03.57:888][669]LogModuleManager: Shutting down and abandoning module AssetManagerEditor (228)
[2019.03.06-18.03.57:888][669]LogModuleManager: Shutting down and abandoning module TreeMap (227)
[2019.03.06-18.03.57:888][669]LogModuleManager: Shutting down and abandoning module LightPropagationVolumeRuntime (224)
[2019.03.06-18.03.57:888][669]LogModuleManager: Shutting down and abandoning module AISupportModule (222)
[2019.03.06-18.03.57:888][669]LogModuleManager: Shutting down and abandoning module Paper2D (220)
[2019.03.06-18.03.57:888][669]LogModuleManager: Shutting down and abandoning module PIEPreviewDeviceProfileSelector (218)
[2019.03.06-18.03.57:888][669]LogModuleManager: Shutting down and abandoning module WindowsMoviePlayer (216)
[2019.03.06-18.03.57:888][669]LogModuleManager: Shutting down and abandoning module WmfMedia (214)
[2019.03.06-18.03.57:889][669]LogModuleManager: Shutting down and abandoning module Media (213)
[2019.03.06-18.03.57:895][669]LogModuleManager: Shutting down and abandoning module PacketHandler (210)
[2019.03.06-18.03.57:895][669]LogModuleManager: Shutting down and abandoning module ClothingSystemEditor (208)
[2019.03.06-18.03.57:895][669]LogModuleManager: Shutting down and abandoning module ClothingSystemRuntime (206)
[2019.03.06-18.03.57:895][669]LogModuleManager: Shutting down and abandoning module MediaAssets (204)
[2019.03.06-18.03.57:895][669]LogModuleManager: Shutting down and abandoning module Overlay (202)
[2019.03.06-18.03.57:895][669]LogModuleManager: Shutting down and abandoning module OverlayEditor (201)
[2019.03.06-18.03.57:895][669]LogModuleManager: Shutting down and abandoning module VREditor (198)
[2019.03.06-18.03.57:895][669]LogModuleManager: Shutting down and abandoning module StringTableEditor (196)
[2019.03.06-18.03.57:895][669]LogModuleManager: Shutting down and abandoning module GameplayTasksEditor (194)
[2019.03.06-18.03.57:895][669]LogModuleManager: Shutting down and abandoning module BehaviorTreeEditor (192)
[2019.03.06-18.03.57:895][669]LogModuleManager: Shutting down and abandoning module FunctionalTesting (190)
[2019.03.06-18.03.57:895][669]LogModuleManager: Shutting down and abandoning module CollisionAnalyzer (188)
[2019.03.06-18.03.57:895][669]LogModuleManager: Shutting down and abandoning module WorkspaceMenuStructure (187)
[2019.03.06-18.03.57:895][669]LogModuleManager: Shutting down and abandoning module UMG (184)
[2019.03.06-18.03.57:895][669]LogModuleManager: Shutting down and abandoning module UMGEditor (183)
[2019.03.06-18.03.57:895][669]LogModuleManager: Shutting down and abandoning module Sequencer (182)
[2019.03.06-18.03.57:895][669]LogModuleManager: Shutting down and abandoning module MessageLog (179)
[2019.03.06-18.03.57:895][669]LogModuleManager: Shutting down and abandoning module SlateReflector (174)
[2019.03.06-18.03.57:895][669]LogModuleManager: Shutting down and abandoning module Slate (172)
[2019.03.06-18.03.57:895][669]LogModuleManager: Shutting down and abandoning module EditorStyle (170)
[2019.03.06-18.03.57:897][669]LogModuleManager: Shutting down and abandoning module MRMesh (168)
[2019.03.06-18.03.57:897][669]LogModuleManager: Shutting down and abandoning module Messaging (166)
[2019.03.06-18.03.57:897][669]LogModuleManager: Shutting down and abandoning module SourceCodeAccess (164)
[2019.03.06-18.03.57:897][669]LogModuleManager: Shutting down and abandoning module HeadMountedDisplay (162)
[2019.03.06-18.03.57:897][669]LogModuleManager: Shutting down and abandoning module XAudio2 (160)
[2019.03.06-18.03.57:897][669]LogModuleManager: Shutting down and abandoning module Networking (158)
[2019.03.06-18.03.57:897][669]LogModuleManager: Shutting down and abandoning module Core (156)
[2019.03.06-18.03.57:897][669]LogModuleManager: Shutting down and abandoning module LevelSequence (154)
[2019.03.06-18.03.57:897][669]LogModuleManager: Shutting down and abandoning module KismetCompiler (152)
[2019.03.06-18.03.57:897][669]LogModuleManager: Shutting down and abandoning module MeshUtilities (150)
[2019.03.06-18.03.57:897][669]LogModuleManager: Shutting down and abandoning module MeshMergeUtilities (149)
[2019.03.06-18.03.57:897][669]LogModuleManager: Shutting down and abandoning module MeshReductionInterface (148)
[2019.03.06-18.03.57:897][669]LogModuleManager: Shutting down and abandoning module SimplygonSwarm (147)
[2019.03.06-18.03.57:897][669]LogModuleManager: Shutting down and abandoning module ProxyLODMeshReduction (145)
[2019.03.06-18.03.57:897][669]LogModuleManager: Shutting down and abandoning module SimplygonMeshReduction (143)
[2019.03.06-18.03.57:897][669]LogModuleManager: Shutting down and abandoning module QuadricMeshReduction (141)
[2019.03.06-18.03.57:897][669]LogModuleManager: Shutting down and abandoning module MaterialBaking (137)
[2019.03.06-18.03.57:897][669]LogModuleManager: Shutting down and abandoning module DerivedDataCache (132)
[2019.03.06-18.03.58:303][669]LogDerivedDataCache: Shutdown
[2019.03.06-18.03.58:303][669]LogModuleManager: Shutting down and abandoning module XGEController (130)
[2019.03.06-18.03.58:303][669]LogModuleManager: Shutting down and abandoning module TargetPlatform (128)
[2019.03.06-18.03.58:303][669]LogModuleManager: Shutting down and abandoning module VulkanShaderFormat (127)
[2019.03.06-18.03.58:303][669]LogModuleManager: Shutting down and abandoning module ShaderFormatVectorVM (125)
[2019.03.06-18.03.58:303][669]LogModuleManager: Shutting down and abandoning module ShaderFormatOpenGL (123)
[2019.03.06-18.03.58:303][669]LogModuleManager: Shutting down and abandoning module ShaderFormatD3D (121)
[2019.03.06-18.03.58:303][669]LogModuleManager: Shutting down and abandoning module MetalShaderFormat (119)
[2019.03.06-18.03.58:303][669]LogModuleManager: Shutting down and abandoning module TextureFormatUncompressed (117)
[2019.03.06-18.03.58:303][669]LogModuleManager: Shutting down and abandoning module TextureFormatPVR (115)
[2019.03.06-18.03.58:303][669]LogModuleManager: Shutting down and abandoning module TextureFormatDXT (113)
[2019.03.06-18.03.58:303][669]LogModuleManager: Shutting down and abandoning module TextureFormatIntelISPCTexComp (111)
[2019.03.06-18.03.58:303][669]LogModuleManager: Shutting down and abandoning module TextureFormatASTC (109)
[2019.03.06-18.03.58:303][669]LogModuleManager: Shutting down and abandoning module ImageWrapper (108)
[2019.03.06-18.03.58:303][669]LogModuleManager: Shutting down and abandoning module TextureFormatAndroid (105)
[2019.03.06-18.03.58:303][669]LogModuleManager: Shutting down and abandoning module AudioFormatOpus (103)
[2019.03.06-18.03.58:303][669]LogModuleManager: Shutting down and abandoning module AudioFormatOgg (101)
[2019.03.06-18.03.58:303][669]LogModuleManager: Shutting down and abandoning module AudioFormatADPCM (99)
[2019.03.06-18.03.58:303][669]LogModuleManager: Shutting down and abandoning module WindowsTargetPlatform (97)
[2019.03.06-18.03.58:303][669]LogModuleManager: Shutting down and abandoning module WindowsServerTargetPlatform (95)
[2019.03.06-18.03.58:303][669]LogModuleManager: Shutting down and abandoning module WindowsNoEditorTargetPlatform (93)
[2019.03.06-18.03.58:303][669]LogModuleManager: Shutting down and abandoning module WindowsClientTargetPlatform (91)
[2019.03.06-18.03.58:303][669]LogModuleManager: Shutting down and abandoning module InputCore (88)
[2019.03.06-18.03.58:303][669]LogModuleManager: Shutting down and abandoning module Settings (86)
[2019.03.06-18.03.58:303][669]LogModuleManager: Shutting down and abandoning module PhysXCooking (84)
[2019.03.06-18.03.58:303][669]LogModuleManager: Shutting down and abandoning module SteamVR (82)
[2019.03.06-18.03.58:303][669]LogModuleManager: Shutting down and abandoning module OculusHMD (80)
[2019.03.06-18.03.58:303][669]LogModuleManager: Shutting down and abandoning module ExampleDeviceProfileSelector (78)
[2019.03.06-18.03.58:303][669]LogModuleManager: Shutting down and abandoning module LauncherChunkInstaller (76)
[2019.03.06-18.03.58:303][669]LogModuleManager: Shutting down and abandoning module OnlineBlueprintSupport (74)
[2019.03.06-18.03.58:303][669]LogModuleManager: Shutting down and abandoning module OnlineSubsystem (70)
[2019.03.06-18.03.58:304][669]LogModuleManager: Shutting down and abandoning module XMPP (65)
[2019.03.06-18.03.58:304][669]LogModuleManager: Shutting down and abandoning module WebSockets (64)
[2019.03.06-18.03.58:328][669]LogModuleManager: Shutting down and abandoning module HTTP (61)
[2019.03.06-18.03.58:338][669]LogModuleManager: Shutting down and abandoning module SSL (60)
[2019.03.06-18.03.58:339][669]LogModuleManager: Shutting down and abandoning module MagicLeapEmulator (56)
[2019.03.06-18.03.58:339][669]LogModuleManager: Shutting down and abandoning module MagicLeapPrivileges (54)
[2019.03.06-18.03.58:339][669]LogModuleManager: Shutting down and abandoning module MagicLeapIdentity (52)
[2019.03.06-18.03.58:339][669]LogModuleManager: Shutting down and abandoning module MagicLeapHelperVulkan (50)
[2019.03.06-18.03.58:339][669]LogModuleManager: Shutting down and abandoning module MagicLeapHelperOpenGL (48)
[2019.03.06-18.03.58:339][669]LogModuleManager: Shutting down and abandoning module MagicLeapSecureStorage (46)
[2019.03.06-18.03.58:339][669]LogModuleManager: Shutting down and abandoning module MagicLeapGestures (44)
[2019.03.06-18.03.58:339][669]LogModuleManager: Shutting down and abandoning module MagicLeapEyeTracker (42)
[2019.03.06-18.03.58:339][669]LogModuleManager: Shutting down and abandoning module MagicLeapController (40)
[2019.03.06-18.03.58:339][669]LogSlate: Slate User Destroyed.  User Index 0, Is Virtual User: 0
[2019.03.06-18.03.58:339][669]LogModuleManager: Shutting down and abandoning module MagicLeap (38)
[2019.03.06-18.03.58:339][669]LogModuleManager: Shutting down and abandoning module AnimationModifiers (36)
[2019.03.06-18.03.58:339][669]LogModuleManager: Shutting down and abandoning module PropertyEditor (35)
[2019.03.06-18.03.58:339][669]LogModuleManager: Shutting down and abandoning module AudioEditor (32)
[2019.03.06-18.03.58:339][669]LogModuleManager: Shutting down and abandoning module TextureCompressor (30)
[2019.03.06-18.03.58:340][669]LogModuleManager: Shutting down and abandoning module ShaderCore (28)
[2019.03.06-18.03.58:340][669]LogModuleManager: Shutting down and abandoning module Landscape (26)
[2019.03.06-18.03.58:340][669]LogModuleManager: Shutting down and abandoning module SlateRHIRenderer (24)
[2019.03.06-18.03.58:340][669]LogModuleManager: Shutting down and abandoning module OpenGLDrv (22)
[2019.03.06-18.03.58:340][669]LogModuleManager: Shutting down and abandoning module D3D11RHI (20)
[2019.03.06-18.03.58:340][669]LogModuleManager: Shutting down and abandoning module AnimGraphRuntime (18)
[2019.03.06-18.03.58:340][669]LogModuleManager: Shutting down and abandoning module Renderer (16)
[2019.03.06-18.03.58:340][669]LogModuleManager: Shutting down and abandoning module Engine (14)
[2019.03.06-18.03.58:340][669]LogModuleManager: Shutting down and abandoning module CoreUObject (12)
[2019.03.06-18.03.58:340][669]LogModuleManager: Shutting down and abandoning module NetworkFile (10)
[2019.03.06-18.03.58:340][669]LogModuleManager: Shutting down and abandoning module CookedIterativeFile (8)
[2019.03.06-18.03.58:340][669]LogModuleManager: Shutting down and abandoning module StreamingFile (6)
[2019.03.06-18.03.58:340][669]LogModuleManager: Shutting down and abandoning module SandboxFile (4)
[2019.03.06-18.03.58:340][669]LogModuleManager: Shutting down and abandoning module PakFile (2)
[2019.03.06-18.03.58:343][669]LogExit: Exiting.
[2019.03.06-18.03.58:355][669]Log file closed, 03/06/19 20:03:58
